Arguments: 
  C:\Program Files\nodejs\node.exe C:\Users\ХЧ\AppData\Roaming\npm\node_modules\yarn\bin\yarn.js init

PATH: 
  C:\Users\ХЧ\bin;C:\Users\ХЧ\AppData\Local\Programs\Git\mingw64\bin;C:\Users\ХЧ\AppData\Local\Programs\Git\usr\local\bin;C:\Users\ХЧ\AppData\Local\Programs\Git\usr\bin;C:\Users\ХЧ\AppData\Local\Programs\Git\usr\bin;C:\Users\ХЧ\AppData\Local\Programs\Git\mingw64\bin;C:\Users\ХЧ\AppData\Local\Programs\Git\usr\bin;C:\Users\ХЧ\bin;C:\Python39\Scripts;C:\Python39;C:\windows\system32;C:\windows;C:\windows\System32\Wbem;C:\windows\System32\WindowsPowerShell\v1.0;C:\windows\System32\OpenSSH;C:\Program Files\nodejs;C:\ProgramData\chocolatey\bin;C:\Users\ХЧ\AppData\Local\Microsoft\WindowsApps;C:\Users\ХЧ\AppData\Local\Programs\Git\cmd;C:\Users\ХЧ\AppData\Roaming\npm;C:\Users\ХЧ\AppData\Local\Programs\Git\usr\bin\vendor_perl;C:\Users\ХЧ\AppData\Local\Programs\Git\usr\bin\core_perl

Yarn version: 
  1.22.10

Node version: 
  14.15.4

Platform: 
  win32 x64

Trace: 
  Error: Can't answer a question unless a user TTY
      at ConsoleReporter.question (C:\Users\ХЧ\AppData\Roaming\npm\node_modules\yarn\lib\cli.js:96361:59)
      at Object.<anonymous> (C:\Users\ХЧ\AppData\Roaming\npm\node_modules\yarn\lib\cli.js:88636:38)
      at Generator.next (<anonymous>)
      at step (C:\Users\ХЧ\AppData\Roaming\npm\node_modules\yarn\lib\cli.js:310:30)
      at C:\Users\ХЧ\AppData\Roaming\npm\node_modules\yarn\lib\cli.js:321:13

npm manifest: 
  No manifest

yarn manifest: 
  No manifest

Lockfile: 
  No lockfile
